JvmtiExport can_access_local_variables 1
JvmtiExport can_hotswap_or_post_breakpoint 1
JvmtiExport can_post_on_exceptions 1
# 161 ciObject found
ciMethod java/nio/Buffer position ()I 1625 1 203 0 0
ciMethod java/nio/Buffer position (I)Ljava/nio/Buffer; 2601 1 5468 0 128
ciMethod java/nio/Buffer createPositionException (I)Ljava/lang/IllegalArgumentException; 0 0 1 0 -1
ciMethod java/nio/Buffer limit ()I 1169 1 146 0 0
ciMethod java/nio/Buffer arrayOffset ()I 0 0 1 0 -1
ciMethod java/lang/Character isSupplementaryCodePoint (I)Z 0 0 1 0 -1
ciMethod java/lang/Character isSurrogate (C)Z 1 1 398915 0 64
ciMethod java/lang/Character highSurrogate (I)C 0 0 1 0 -1
ciMethod java/lang/Character lowSurrogate (I)C 0 0 1 0 -1
ciMethod java/lang/Math min (II)I 2081 1 18791 0 -1
ciMethod sun/nio/cs/UTF_8 updatePositions (Ljava/nio/Buffer;ILjava/nio/Buffer;I)V 1049 1 1058 0 0
ciMethod sun/nio/cs/UTF_8 access$200 (Ljava/nio/Buffer;ILjava/nio/Buffer;I)V 1049 1 1058 0 0
ciMethod java/nio/ByteBuffer array ()[B 1305 1 1430 0 0
ciMethod java/nio/ByteBuffer arrayOffset ()I 3345 1 3553 0 0
ciMethod java/nio/ByteBuffer position (I)Ljava/nio/Buffer; 2049 1 2649 0 -1
ciMethod java/nio/CharBuffer array ()[C 1057 1 1072 0 0
ciMethod java/nio/CharBuffer arrayOffset ()I 3169 1 3195 0 0
ciMethod java/nio/CharBuffer position (I)Ljava/nio/CharBuffer; 1841 1 3305 0 0
ciMethod java/nio/CharBuffer position (I)Ljava/nio/Buffer; 1833 1 3303 0 0
ciMethod java/nio/charset/CoderResult malformedForLength (I)Ljava/nio/charset/CoderResult; 0 0 1 0 -1
ciMethod sun/nio/cs/UTF_8$Decoder isNotContinuation (I)Z 0 0 1 0 0
ciMethod sun/nio/cs/UTF_8$Decoder isMalformed3 (III)Z 2553 1 6413 0 160
ciMethod sun/nio/cs/UTF_8$Decoder isMalformed3_2 (II)Z 409 1 543 0 0
ciMethod sun/nio/cs/UTF_8$Decoder isMalformed4 (III)Z 0 0 1 0 -1
ciMethod sun/nio/cs/UTF_8$Decoder isMalformed4_2 (II)Z 0 0 1 0 -1
ciMethod sun/nio/cs/UTF_8$Decoder isMalformed4_3 (I)Z 0 0 1 0 -1
ciMethod sun/nio/cs/UTF_8$Decoder malformed (Ljava/nio/ByteBuffer;ILjava/nio/CharBuffer;II)Ljava/nio/charset/CoderResult; 0 0 1 0 -1
ciMethod sun/nio/cs/UTF_8$Decoder malformedForLength (Ljava/nio/ByteBuffer;ILjava/nio/CharBuffer;II)Ljava/nio/charset/CoderResult; 0 0 1 0 0
ciMethod sun/nio/cs/UTF_8$Decoder xflow (Ljava/nio/Buffer;IILjava/nio/Buffer;II)Ljava/nio/charset/CoderResult; 969 1 1040 0 0
ciMethod sun/nio/cs/UTF_8$Decoder decodeArrayLoop (Ljava/nio/ByteBuffer;Ljava/nio/CharBuffer;)Ljava/nio/charset/CoderResult; 961 289313 1061 0 -1
ciMethodData java/lang/Character isSurrogate (C)Z 2 402337 orig 312 248 58 62 8 0 0 0 0 208 147 213 43 0 0 0 0 184 1 0 0 0 0 0 0 0 0 0 0 0 0 0 0 0 0 0 0 0 0 0 0 0 0 0 0 0 0 0 0 0 0 0 0 0 0 0 0 0 0 0 0 0 0 0 0 0 0 0 0 0 0 0 0 0 0 0 0 0 0 0 0 77 68 79 32 101 120 116 114 97 32 100 97 116 97 32 108 111 99 107 0 0 0 0 0 0 0 0 0 0 0 0 0 0 0 0 0 0 0 0 0 0 0 0 0 0 0 0 0 0 0 0 0 0 0 0 0 0 0 0 0 0 0 0 0 1 0 0 0 0 0 0 0 0 0 0 0 0 0 0 0 0 0 0 0 0 0 0 0 0 0 0 0 0 0 0 0 0 0 0 0 1 0 0 0 0 0 0 0 0 0 0 0 0 0 0 0 0 0 0 0 0 0 0 0 0 0 0 0 0 0 0 0 0 0 0 0 0 0 0 0 0 0 0 0 0 0 0 0 0 0 0 0 0 0 0 0 0 0 0 0 0 0 0 0 0 0 0 0 0 0 0 0 9 29 49 0 1 0 0 0 65 22 0 0 0 0 0 0 0 0 0 0 248 3 0 0 248 31 0 0 2 0 0 0 0 0 9 0 2 0 0 0 0 0 0 0 88 0 0 0 254 255 255 255 7 224 3 0 0 0 0 0 data 17 0x3e007 0x62398 0x58 0xa 0x90007 0xa 0x38 0x0 0xd0003 0x0 0x18 0x0 0x0 0x0 0x9 0x1 0x0 oops 0 methods 0
ciMethodData java/nio/Buffer position (I)Ljava/nio/Buffer; 2 5468 orig 312 248 58 62 8 0 0 0 0 240 233 212 43 0 0 0 0 48 2 0 0 144 0 0 0 0 0 0 0 0 0 0 0 0 0 0 0 0 0 0 0 0 0 0 0 0 0 0 0 0 0 0 0 0 0 0 0 0 0 0 0 0 0 0 0 0 0 0 0 0 0 0 0 0 0 0 0 0 0 0 0 77 68 79 32 101 120 116 114 97 32 100 97 116 97 32 108 111 99 107 0 0 0 0 0 0 0 0 0 0 0 0 0 0 0 0 0 0 0 0 0 0 0 0 0 0 0 0 0 0 0 0 0 0 0 0 0 0 0 0 0 0 0 0 0 0 0 0 0 0 0 0 0 0 0 0 0 0 0 0 0 0 0 0 0 0 0 0 0 0 0 0 0 0 0 0 0 0 0 0 0 0 0 0 0 0 0 0 0 0 0 0 0 0 0 0 0 0 0 0 0 0 0 0 0 0 0 0 0 0 0 0 0 0 0 0 0 0 0 0 0 0 0 0 0 0 0 0 0 0 0 0 0 0 0 0 0 0 0 0 0 0 0 0 0 0 0 0 0 69 1 0 0 185 160 0 0 1 0 0 0 0 0 0 0 0 0 0 0 0 0 0 0 248 3 0 0 248 31 0 0 2 0 0 0 0 0 14 0 2 0 0 0 0 0 0 0 192 0 0 0 254 255 255 255 7 0 5 0 0 0 0 0 data 32 0x50007 0x1417 0x38 0x0 0x90003 0x0 0x18 0xe0007 0x1417 0x38 0x0 0x120003 0x0 0x18 0x170007 0x1417 0x30 0x0 0x1c0002 0x0 0x2d0007 0x1416 0x20 0x1 0x0 0x0 0x0 0x0 0x9 0x2 0x0 0x0 oops 0 methods 0
ciMethodData sun/nio/cs/UTF_8$Decoder isMalformed3 (III)Z 2 6413 orig 312 248 58 62 8 0 0 0 0 32 218 255 43 0 0 0 0 248 1 0 0 96 0 0 0 0 0 0 0 0 0 0 0 0 0 0 0 0 0 0 0 0 0 0 0 0 0 0 0 0 0 0 0 0 0 0 0 0 0 0 0 0 0 0 0 0 0 0 0 0 0 0 0 0 0 0 0 0 0 0 0 77 68 79 32 101 120 116 114 97 32 100 97 116 97 32 108 111 99 107 0 0 0 0 0 0 0 0 0 0 0 0 0 0 0 0 0 0 0 0 0 0 0 0 0 0 0 0 0 0 0 0 0 0 0 0 0 0 0 0 0 0 0 0 0 0 0 0 0 0 0 0 0 0 0 0 0 0 0 0 0 0 0 0 0 0 0 0 0 0 0 0 0 0 0 0 0 0 0 0 0 0 0 0 0 0 0 0 0 0 0 0 0 0 0 0 0 0 0 0 0 0 0 0 0 0 0 0 0 0 0 0 0 0 0 0 0 0 0 0 0 0 0 0 0 0 0 0 0 0 0 0 0 0 0 0 0 0 0 0 0 0 0 0 0 0 0 0 0 63 1 0 0 113 190 0 0 1 0 0 0 0 0 0 0 0 0 0 0 0 0 0 0 248 3 0 0 248 31 0 0 2 0 0 0 0 0 14 0 2 0 0 0 0 0 0 0 152 0 0 0 254 255 255 255 7 0 3 0 0 0 0 0 data 25 0x30007 0x17ce 0x40 0x0 0xe0007 0x0 0x60 0x0 0x190007 0x0 0x40 0x17ce 0x240007 0x17ce 0x38 0x0 0x280003 0x0 0x18 0x0 0x9 0x3 0x0 0x0 0x0 oops 0 methods 0
ciMethodData java/nio/ByteBuffer arrayOffset ()I 2 3563 orig 312 248 58 62 8 0 0 0 0 216 1 231 43 0 0 0 0 216 1 0 0 32 0 0 0 0 0 0 0 0 0 0 0 0 0 0 0 0 0 0 0 0 0 0 0 0 0 0 0 0 0 0 0 0 0 0 0 0 0 0 0 0 0 0 0 0 0 0 0 0 0 0 0 0 0 0 0 0 0 0 0 77 68 79 32 101 120 116 114 97 32 100 97 116 97 32 108 111 99 107 0 0 0 0 0 0 0 0 0 0 0 0 0 0 0 0 0 0 0 0 0 0 0 0 0 0 0 0 0 0 0 0 0 0 0 0 0 0 0 0 0 0 0 0 0 0 0 0 0 0 0 0 0 0 0 0 0 0 0 0 0 0 0 0 0 0 0 0 0 0 0 0 0 0 0 0 0 0 0 0 0 0 0 0 0 0 0 0 0 0 0 0 0 0 0 0 0 0 0 0 0 0 0 0 0 0 0 0 0 0 0 0 0 0 0 0 0 0 0 0 0 0 0 0 0 0 0 0 0 0 0 0 0 0 0 0 0 0 0 0 0 0 0 0 0 0 0 0 0 162 1 0 0 73 98 0 0 1 0 0 0 0 0 0 0 0 0 0 0 0 0 0 0 248 3 0 0 248 31 0 0 2 0 0 0 0 0 7 0 2 0 0 0 0 0 0 0 96 0 0 0 254 255 255 255 7 0 4 0 0 0 0 0 data 21 0x40007 0xc49 0x30 0x0 0xb0002 0x0 0x130007 0xc49 0x30 0x0 0x1a0002 0x0 0x0 0x0 0x0 0x0 0x0 0x0 0x9 0x1 0x0 oops 0 methods 0
ciMethodData sun/nio/cs/UTF_8$Decoder decodeArrayLoop (Ljava/nio/ByteBuffer;Ljava/nio/CharBuffer;)Ljava/nio/charset/CoderResult; 2 453959 orig 312 248 58 62 8 0 0 0 0 184 233 255 43 0 0 0 0 64 9 0 0 120 7 0 0 0 0 0 0 0 0 0 0 0 0 0 0 0 0 0 0 0 0 0 0 0 0 0 0 0 0 0 0 0 0 0 0 0 0 0 0 0 0 0 0 0 0 0 0 0 0 0 0 0 0 0 0 0 0 0 0 77 68 79 32 101 120 116 114 97 32 100 97 116 97 32 108 111 99 107 0 0 0 0 0 0 0 0 0 0 0 0 0 0 0 0 0 0 0 0 0 0 0 0 0 0 0 0 0 0 0 0 0 0 0 0 0 0 0 0 0 0 0 0 0 1 0 0 0 0 0 0 0 0 0 0 0 0 0 0 0 0 0 0 0 0 0 0 0 0 0 0 0 0 0 0 0 0 0 0 0 1 0 0 0 0 0 0 0 0 0 0 0 0 0 0 0 0 0 0 0 0 0 0 0 0 0 0 0 0 0 0 0 0 0 0 0 0 0 0 0 0 0 0 0 0 0 0 0 0 0 0 0 0 0 0 0 0 0 0 0 0 0 0 0 0 0 0 0 68 141 0 0 105 29 0 0 25 0 51 0 73 3 0 0 223 179 5 0 0 0 0 0 248 3 0 0 248 31 0 0 2 0 0 0 2 0 158 0 2 0 0 0 0 0 0 0 160 7 0 0 254 255 255 255 5 0 1 0 0 0 0 0 data 258 0x10005 0x51 0x0 0x2e263cb0 0x35c 0x0 0x0 0x60005 0x51 0x0 0x2e263cb0 0x35c 0x0 0x0 0xa0005 0x51 0x0 0x2e263cb0 0x35c 0x0 0x0 0x110005 0x51 0x0 0x2e263cb0 0x35c 0x0 0x0 0x150005 0x51 0x0 0x2e263cb0 0x35c 0x0 0x0 0x1c0005 0x51 0x0 0x2e263d60 0x35c 0x0 0x0 0x220005 0x51 0x0 0x2e263d60 0x35c 0x0 0x0 0x260005 0x51 0x0 0x2e263d60 0x35c 0x0 0x0 0x2d0005 0x51 0x0 0x2e263d60 0x35c 0x0 0x0 0x310005 0x51 0x0 0x2e263d60 0x35c 0x0 0x0 0x430002 0x3ad 0x4d0007 0x0 0x58 0x5b2 0x540007 0x3ad 0x38 0x205 0x670003 0x205 0xffffffffffffffc0 0x6e0007 0x40 0x4f8 0x6614b 0x790007 0x3de66 0x68 0x282e5 0x800007 0x2819d 0x30 0x148 0x8c0002 0x148 0x9e0003 0x2819d 0x470 0xa7e007 0x3de66 0xe8 0x1 0xaf0007 0x0 0xc8 0x1 0xb80007 0x0 0x40 0x1 0xbf0007 0x1 0x30 0x0 0xcb0002 0x0 0xd90002 0x1 0xdc0007 0x1 0x30 0x0 0xe60002 0x0 0x1020003 0x1 0x388 0x10b0007 0x0 0x168 0x3de66 0x1180007 0x3d 0x40 0x3de29 0x11f0007 0x3dc56 0x90 0x1d3 0x1250007 0x24 0x60 0x1ec 0x1300002 0x1ec 0x1330007 0x1ec 0x30 0x0 0x13d0002 0x0 0x14a0002 0x210 0x1640002 0x3dc56 0x1670007 0x3dc56 0x30 0x0 0x1710002 0x0 0x18b0002 0x3dc56 0x18e0007 0x3dc56 0x30 0x0 0x1980002 0x0 0x1a90003 0x3dc56 0x220 0x1b20007 0x0 0x1f8 0x0 0x1bf0007 0x0 0x40 0x0 0x1c80007 0x0 0x110 0x0 0x1d80007 0x0 0x70 0x0 0x1de0007 0x0 0x60 0x0 0x1ed0002 0x0 0x1f00007 0x0 0x30 0x0 0x1fa0002 0x0 0x2010007 0x0 0x60 0x0 0x20a0002 0x0 0x20d0007 0x0 0x30 0x0 0x2170002 0x0 0x2240002 0x0 0x25f0002 0x0 0x2620007 0x0 0x50 0x0 0x2670002 0x0 0x26a0007 0x0 0x30 0x0 0x2740002 0x0 0x2810002 0x0 0x28e0002 0x0 0x2950003 0x0 0x28 0x29f0002 0x0 0x2a30003 0x65df4 0xfffffffffffffb20 0x2af0002 0x40 0x0 0x0 0x0 0x0 0x0 0x0 0x0 0x0 0x0 0x9 0x3 0x0 0x0 0x0 oops 10